10.1454 	DEBUG 	Fullscreen settings ignored as running in pilot mode.
10.1462 	INFO 	Loaded monitor calibration from ['2024_07_25 16:34']
10.3677 	EXP 	Created window1 = Window(allowGUI=True, allowStencil=True, autoLog=True, backendConf=UNKNOWN, backgroundFit=<method-wrapper '__getattribute__' of attributeSetter object at 0x7fe0c12ad970>, backgroundImage=<method-wrapper '__getattribute__' of attributeSetter object at 0x7fe0c12ad910>, bitsMode=UNKNOWN, blendMode='avg', bpc=(8, 8, 8), color=array([0, 0, 0]), colorSpace='rgb', depthBits=8, fullscr=<method-wrapper '__getattribute__' of attributeSetter object at 0x7fe0c12ad6a0>, gamma=None, gammaErrorPolicy='raise', infoMsg=UNKNOWN, lms=UNKNOWN, monitor=<psychopy.monitors.calibTools.Monitor object at 0x7fe0c155db50>, multiSample=False, name='window1', numSamples=2, pos=[696.0, 410.0], screen=0, size=array([1600, 1200]), stencilBits=8, stereo=False, title='PsychoPy', units='height', useFBO=True, useRetina=True, viewOri=0.0, viewPos=None, viewScale=None, waitBlanking=True, winType='pyglet')
10.3677 	EXP 	window1: backgroundImage = ''
10.3678 	EXP 	window1: backgroundFit = 'none'
10.3680 	EXP 	window1: mouseVisible = <method-wrapper '__getattribute__' of attributeSetter object at 0x7fe0c12adac0>
10.3682 	EXP 	window1: mouseVisible = <method-wrapper '__getattribute__' of attributeSetter object at 0x7fe0c12adac0>
10.3716 	EXP 	window1: mouseVisible = <method-wrapper '__getattribute__' of attributeSetter object at 0x7fe0c12adac0>
10.3724 	EXP 	window1: mouseVisible = <method-wrapper '__getattribute__' of attributeSetter object at 0x7fe0c12adac0>
10.3780 	DEBUG 	TextBox2 loaded 1 chars with 0 blanks and 1 valid
10.3788 	DEBUG 	TextBox2 loaded 1 chars with 0 blanks and 1 valid
10.3796 	DEBUG 	TextBox2 loaded 1 chars with 0 blanks and 1 valid
10.3807 	DEBUG 	TextBox2 loaded 1 chars with 0 blanks and 1 valid
10.3818 	DEBUG 	TextBox2 loaded 1 chars with 0 blanks and 1 valid
10.3823 	DEBUG 	TextBox2 loaded 1 chars with 0 blanks and 1 valid
10.3831 	DEBUG 	TextBox2 loaded 1 chars with 0 blanks and 1 valid
10.3842 	DEBUG 	TextBox2 loaded 1 chars with 0 blanks and 1 valid
10.3845 	DEBUG 	TextBox2 loaded 1 chars with 0 blanks and 1 valid
10.3849 	DEBUG 	TextBox2 loaded 1 chars with 0 blanks and 1 valid
10.3857 	DEBUG 	TextBox2 loaded 1 chars with 0 blanks and 1 valid
10.3866 	DEBUG 	TextBox2 loaded 1 chars with 0 blanks and 1 valid
10.3873 	DEBUG 	TextBox2 loaded 1 chars with 0 blanks and 1 valid
10.3881 	DEBUG 	TextBox2 loaded 1 chars with 0 blanks and 1 valid
10.3888 	DEBUG 	TextBox2 loaded 1 chars with 0 blanks and 1 valid
10.3897 	DEBUG 	TextBox2 loaded 1 chars with 0 blanks and 1 valid
10.3906 	DEBUG 	TextBox2 loaded 1 chars with 0 blanks and 1 valid
10.3910 	DEBUG 	TextBox2 loaded 1 chars with 0 blanks and 1 valid
10.3916 	DEBUG 	TextBox2 loaded 1 chars with 0 blanks and 1 valid
10.3928 	DEBUG 	TextBox2 loaded 1 chars with 0 blanks and 1 valid
10.3933 	DEBUG 	TextBox2 loaded 1 chars with 0 blanks and 1 valid
10.3935 	DEBUG 	Uploading Texture Font fontname to graphics card
10.3956 	DEBUG 	Upload of Texture Font fontname complete
10.3984 	EXP 	window1: mouseVisible = <method-wrapper '__getattribute__' of attributeSetter object at 0x7fe0c12adac0>
10.3986 	EXP 	window1: mouseVisible = <method-wrapper '__getattribute__' of attributeSetter object at 0x7fe0c12adac0>
10.3994 	EXP 	window1: mouseVisible = <method-wrapper '__getattribute__' of attributeSetter object at 0x7fe0c12adac0>
10.4002 	EXP 	window1: mouseVisible = <method-wrapper '__getattribute__' of attributeSetter object at 0x7fe0c12adac0>
10.4047 	DEBUG 	TextBox2 loaded 1 chars with 0 blanks and 1 valid
10.4058 	DEBUG 	TextBox2 loaded 1 chars with 0 blanks and 1 valid
10.4068 	DEBUG 	TextBox2 loaded 1 chars with 0 blanks and 1 valid
10.4071 	DEBUG 	Uploading Texture Font fontname to graphics card
10.4075 	DEBUG 	Upload of Texture Font fontname complete
10.4107 	EXP 	window1: Attempting to measure frame rate of screen (0) ...
10.4107 	EXP 	window1: recordFrameIntervals = False
10.6922 	EXP 	window1: recordFrameIntervals = True
10.9182 	WARNING 	t of last frame was 71.60ms (=1/13)
11.6137 	WARNING 	Couldn't measure a consistent frame rate!
  - Is your graphics card set to sync to vertical blank?
  - Are you running other processes on your computer?

11.6138 	EXP 	window1: mouseVisible = False
11.6143 	EXP 	window1: mouseVisible = False
11.6146 	EXP 	window1: mouseVisible = False
11.6159 	EXP 	window1: mouseVisible = False
11.6170 	EXP 	window1: mouseVisible = False
11.6232 	DEBUG 	TextBox2 loaded 1 chars with 0 blanks and 1 valid
11.6239 	DEBUG 	TextBox2 loaded 1 chars with 0 blanks and 1 valid
11.6252 	DEBUG 	TextBox2 loaded 1 chars with 0 blanks and 1 valid
11.6268 	DEBUG 	TextBox2 loaded 1 chars with 0 blanks and 1 valid
11.6281 	DEBUG 	TextBox2 loaded 1 chars with 0 blanks and 1 valid
11.6296 	DEBUG 	TextBox2 loaded 1 chars with 0 blanks and 1 valid
11.6302 	DEBUG 	TextBox2 loaded 1 chars with 0 blanks and 1 valid
11.6315 	DEBUG 	TextBox2 loaded 1 chars with 0 blanks and 1 valid
11.6329 	DEBUG 	TextBox2 loaded 1 chars with 0 blanks and 1 valid
11.6342 	DEBUG 	TextBox2 loaded 1 chars with 0 blanks and 1 valid
11.6346 	DEBUG 	Uploading Texture Font fontname to graphics card
11.6351 	DEBUG 	Upload of Texture Font fontname complete
11.6387 	EXP 	window1: mouseVisible = False
11.6389 	EXP 	window1: mouseVisible = False
11.6399 	EXP 	window1: mouseVisible = False
11.6408 	EXP 	window1: mouseVisible = False
11.6826 	WARNING 	launchHubServer: If using the iohub mouse or eyetracker devices, fullScr should be True.
41.9190 	EXP 	window1: mouseVisible = True
41.9204 	DEBUG 	Saving data for untitled ExperimentHandler
41.9210 	INFO 	saved data to /Users/arnavkapur/Desktop/Task/data/313487_untitled_2024-07-25_16h58.41.228.psydat
41.9214 	INFO 	saved data to '/Users/arnavkapur/Desktop/Task/data/313487_untitled_2024-07-25_16h58.41.228.csv'
